{"numFailedTestSuites":1,"numFailedTests":1,"numPassedTestSuites":1,"numPassedTests":53,"numPendingTestSuites":0,"numPendingTests":0,"numRuntimeErrorTestSuites":0,"numTodoTests":0,"numTotalTestSuites":2,"numTotalTests":54,"openHandles":[],"snapshot":{"added":0,"didUpdate":false,"failure":false,"filesAdded":0,"filesRemoved":0,"filesRemovedList":[],"filesUnmatched":0,"filesUpdated":0,"matched":0,"total":0,"unchecked":0,"uncheckedKeysByFile":[],"unmatched":0,"updated":0},"startTime":1777063212769,"success":false,"testResults":[{"assertionResults":[{"ancestorTitles":["AuthController","register"],"duration":5,"failing":false,"failureDetails":[],"failureMessages":[],"fullName":"AuthController register should register a new user successfully","invocations":1,"location":null,"numPassingAsserts":2,"retryReasons":[],"startAt":1777063215438,"status":"passed","title":"should register a new user successfully"},{"ancestorTitles":["AuthController","register"],"duration":1,"failing":false,"failureDetails":[],"failureMessages":[],"fullName":"AuthController register should return 400 if required fields are missing","invocations":1,"location":null,"numPassingAsserts":1,"retryReasons":[],"startAt":1777063215445,"status":"passed","title":"should return 400 if required fields are missing"},{"ancestorTitles":["AuthController","register"],"duration":1,"failing":false,"failureDetails":[],"failureMessages":[],"fullName":"AuthController register should return 400 if username is too short","invocations":1,"location":null,"numPassingAsserts":1,"retryReasons":[],"startAt":1777063215447,"status":"passed","title":"should return 400 if username is too short"},{"ancestorTitles":["AuthController","register"],"duration":1,"failing":false,"failureDetails":[],"failureMessages":[],"fullName":"AuthController register should return 400 if email is invalid","invocations":1,"location":null,"numPassingAsserts":1,"retryReasons":[],"startAt":1777063215449,"status":"passed","title":"should return 400 if email is invalid"},{"ancestorTitles":["AuthController","register"],"duration":1,"failing":false,"failureDetails":[],"failureMessages":[],"fullName":"AuthController register should return 409 if username already exists","invocations":1,"location":null,"numPassingAsserts":1,"retryReasons":[],"startAt":1777063215451,"status":"passed","title":"should return 409 if username already exists"},{"ancestorTitles":["AuthController","register"],"duration":1,"failing":false,"failureDetails":[],"failureMessages":[],"fullName":"AuthController register should return 409 if email already exists","invocations":1,"location":null,"numPassingAsserts":1,"retryReasons":[],"startAt":1777063215452,"status":"passed","title":"should return 409 if email already exists"},{"ancestorTitles":["AuthController","register"],"duration":2,"failing":false,"failureDetails":[],"failureMessages":[],"fullName":"AuthController register should return 500 if token generation fails","invocations":1,"location":null,"numPassingAsserts":1,"retryReasons":[],"startAt":1777063215454,"status":"passed","title":"should return 500 if token generation fails"},{"ancestorTitles":["AuthController","login"],"duration":3,"failing":false,"failureDetails":[],"failureMessages":[],"fullName":"AuthController login should login successfully with email","invocations":1,"location":null,"numPassingAsserts":2,"retryReasons":[],"startAt":1777063215457,"status":"passed","title":"should login successfully with email"},{"ancestorTitles":["AuthController","login"],"duration":2,"failing":false,"failureDetails":[],"failureMessages":[],"fullName":"AuthController login should return 400 if credentials are missing","invocations":1,"location":null,"numPassingAsserts":1,"retryReasons":[],"startAt":1777063215461,"status":"passed","title":"should return 400 if credentials are missing"},{"ancestorTitles":["AuthController","login"],"duration":0,"failing":false,"failureDetails":[],"failureMessages":[],"fullName":"AuthController login should return 400 if user not found","invocations":1,"location":null,"numPassingAsserts":1,"retryReasons":[],"startAt":1777063215464,"status":"passed","title":"should return 400 if user not found"},{"ancestorTitles":["AuthController","login"],"duration":1,"failing":false,"failureDetails":[],"failureMessages":[],"fullName":"AuthController login should return 400 if password is incorrect","invocations":1,"location":null,"numPassingAsserts":1,"retryReasons":[],"startAt":1777063215465,"status":"passed","title":"should return 400 if password is incorrect"},{"ancestorTitles":["AuthController","login"],"duration":1,"failing":false,"failureDetails":[],"failureMessages":[],"fullName":"AuthController login should return 500 if token generation fails","invocations":1,"location":null,"numPassingAsserts":1,"retryReasons":[],"startAt":1777063215467,"status":"passed","title":"should return 500 if token generation fails"},{"ancestorTitles":["AuthController","googleLogin"],"duration":1,"failing":false,"failureDetails":[],"failureMessages":[],"fullName":"AuthController googleLogin should create a new user on first Google login","invocations":1,"location":null,"numPassingAsserts":2,"retryReasons":[],"startAt":1777063215468,"status":"passed","title":"should create a new user on first Google login"},{"ancestorTitles":["AuthController","googleLogin"],"duration":3,"failing":false,"failureDetails":[{"matcherResult":{"actual":"","expected":"https://example.com/pic.jpg","message":"\u001b[2mexpect(\u001b[22m\u001b[31mreceived\u001b[39m\u001b[2m).\u001b[22mtoBe\u001b[2m(\u001b[22m\u001b[32mexpected\u001b[39m\u001b[2m) // Object.is equality\u001b[22m\n\nExpected: \u001b[32m\"https://example.com/pic.jpg\"\u001b[39m\nReceived: \u001b[31m\"\"\u001b[39m","name":"toBe","pass":false}}],"failureMessages":["Error: \u001b[2mexpect(\u001b[22m\u001b[31mreceived\u001b[39m\u001b[2m).\u001b[22mtoBe\u001b[2m(\u001b[22m\u001b[32mexpected\u001b[39m\u001b[2m) // Object.is equality\u001b[22m\n\nExpected: \u001b[32m\"https://example.com/pic.jpg\"\u001b[39m\nReceived: \u001b[31m\"\"\u001b[39m\n    at Object.<anonymous> (C:\\Users\\hoday\\Desktop\\colman-web-final-project\\backend\\src\\controllers\\__tests__\\authController.test.ts:365:39)"],"fullName":"AuthController googleLogin should link googleId to existing user","invocations":1,"location":null,"numPassingAsserts":1,"retryReasons":[],"startAt":1777063215470,"status":"failed","title":"should link googleId to existing user"},{"ancestorTitles":["AuthController","googleLogin"],"duration":1,"failing":false,"failureDetails":[],"failureMessages":[],"fullName":"AuthController googleLogin should return 400 if credential is missing","invocations":1,"location":null,"numPassingAsserts":1,"retryReasons":[],"startAt":1777063215490,"status":"passed","title":"should return 400 if credential is missing"},{"ancestorTitles":["AuthController","googleLogin"],"duration":1,"failing":false,"failureDetails":[],"failureMessages":[],"fullName":"AuthController googleLogin should cap refresh tokens at 5","invocations":1,"location":null,"numPassingAsserts":2,"retryReasons":[],"startAt":1777063215491,"status":"passed","title":"should cap refresh tokens at 5"},{"ancestorTitles":["AuthController","googleLogin"],"duration":1,"failing":false,"failureDetails":[],"failureMessages":[],"fullName":"AuthController googleLogin should return 500 if token generation fails","invocations":1,"location":null,"numPassingAsserts":1,"retryReasons":[],"startAt":1777063215493,"status":"passed","title":"should return 500 if token generation fails"},{"ancestorTitles":["AuthController","logout"],"duration":1,"failing":false,"failureDetails":[],"failureMessages":[],"fullName":"AuthController logout should logout successfully","invocations":1,"location":null,"numPassingAsserts":3,"retryReasons":[],"startAt":1777063215495,"status":"passed","title":"should logout successfully"},{"ancestorTitles":["AuthController","logout"],"duration":0,"failing":false,"failureDetails":[],"failureMessages":[],"fullName":"AuthController logout should logout even without refresh token","invocations":1,"location":null,"numPassingAsserts":2,"retryReasons":[],"startAt":1777063215497,"status":"passed","title":"should logout even without refresh token"},{"ancestorTitles":["AuthController","me"],"duration":1,"failing":false,"failureDetails":[],"failureMessages":[],"fullName":"AuthController me should return current user","invocations":1,"location":null,"numPassingAsserts":2,"retryReasons":[],"startAt":1777063215498,"status":"passed","title":"should return current user"},{"ancestorTitles":["AuthController","me"],"duration":0,"failing":false,"failureDetails":[],"failureMessages":[],"fullName":"AuthController me should return 401 if no userId","invocations":1,"location":null,"numPassingAsserts":1,"retryReasons":[],"startAt":1777063215500,"status":"passed","title":"should return 401 if no userId"},{"ancestorTitles":["AuthController","me"],"duration":1,"failing":false,"failureDetails":[],"failureMessages":[],"fullName":"AuthController me should return 404 if user not found","invocations":1,"location":null,"numPassingAsserts":1,"retryReasons":[],"startAt":1777063215501,"status":"passed","title":"should return 404 if user not found"}],"endTime":1777063215520,"message":"\u001b[1m\u001b[31m  \u001b[1m● \u001b[22m\u001b[1mAuthController › googleLogin › should link googleId to existing user\u001b[39m\u001b[22m\n\n    \u001b[2mexpect(\u001b[22m\u001b[31mreceived\u001b[39m\u001b[2m).\u001b[22mtoBe\u001b[2m(\u001b[22m\u001b[32mexpected\u001b[39m\u001b[2m) // Object.is equality\u001b[22m\n\n    Expected: \u001b[32m\"https://example.com/pic.jpg\"\u001b[39m\n    Received: \u001b[31m\"\"\u001b[39m\n\u001b[2m\u001b[22m\n\u001b[2m    \u001b[0m \u001b[90m 363 |\u001b[39m\u001b[22m\n\u001b[2m     \u001b[90m 364 |\u001b[39m       expect(mockUser\u001b[33m.\u001b[39mgoogleId)\u001b[33m.\u001b[39mtoBe(\u001b[32m\"google123\"\u001b[39m)\u001b[33m;\u001b[39m\u001b[22m\n\u001b[2m    \u001b[31m\u001b[1m>\u001b[22m\u001b[2m\u001b[39m\u001b[90m 365 |\u001b[39m       expect(mockUser\u001b[33m.\u001b[39mprofilePicture)\u001b[33m.\u001b[39mtoBe(\u001b[32m\"https://example.com/pic.jpg\"\u001b[39m)\u001b[33m;\u001b[39m\u001b[22m\n\u001b[2m     \u001b[90m     |\u001b[39m                                       \u001b[31m\u001b[1m^\u001b[22m\u001b[2m\u001b[39m\u001b[22m\n\u001b[2m     \u001b[90m 366 |\u001b[39m       expect(statusMock)\u001b[33m.\u001b[39mtoHaveBeenCalledWith(\u001b[33mHTTP_STATUS\u001b[39m\u001b[33m.\u001b[39m\u001b[33mOK\u001b[39m)\u001b[33m;\u001b[39m\u001b[22m\n\u001b[2m     \u001b[90m 367 |\u001b[39m     })\u001b[33m;\u001b[39m\u001b[22m\n\u001b[2m     \u001b[90m 368 |\u001b[39m\u001b[0m\u001b[22m\n\u001b[2m\u001b[22m\n\u001b[2m      \u001b[2mat Object.<anonymous> (\u001b[22m\u001b[2m\u001b[0m\u001b[36msrc/controllers/__tests__/authController.test.ts\u001b[39m\u001b[0m\u001b[2m:365:39)\u001b[22m\u001b[2m\u001b[22m\n","name":"C:\\Users\\hoday\\Desktop\\colman-web-final-project\\backend\\src\\controllers\\__tests__\\authController.test.ts","startTime":1777063213056,"status":"failed","summary":""},{"assertionResults":[{"ancestorTitles":["Post Controller","getAllPosts"],"duration":3,"failing":false,"failureDetails":[],"failureMessages":[],"fullName":"Post Controller getAllPosts should return all posts successfully","invocations":1,"location":null,"numPassingAsserts":3,"retryReasons":[],"startAt":1777063216314,"status":"passed","title":"should return all posts successfully"},{"ancestorTitles":["Post Controller","getAllPosts"],"duration":2,"failing":false,"failureDetails":[],"failureMessages":[],"fullName":"Post Controller getAllPosts should handle database errors","invocations":1,"location":null,"numPassingAsserts":2,"retryReasons":[],"startAt":1777063216318,"status":"passed","title":"should handle database errors"},{"ancestorTitles":["Post Controller","getPostsByUserId"],"duration":1,"failing":false,"failureDetails":[],"failureMessages":[],"fullName":"Post Controller getPostsByUserId should return posts by userId successfully","invocations":1,"location":null,"numPassingAsserts":3,"retryReasons":[],"startAt":1777063216321,"status":"passed","title":"should return posts by userId successfully"},{"ancestorTitles":["Post Controller","getPostsByUserId"],"duration":1,"failing":false,"failureDetails":[],"failureMessages":[],"fullName":"Post Controller getPostsByUserId should return 400 if userId is invalid","invocations":1,"location":null,"numPassingAsserts":2,"retryReasons":[],"startAt":1777063216323,"status":"passed","title":"should return 400 if userId is invalid"},{"ancestorTitles":["Post Controller","getPostsByUserId"],"duration":1,"failing":false,"failureDetails":[],"failureMessages":[],"fullName":"Post Controller getPostsByUserId should handle database errors","invocations":1,"location":null,"numPassingAsserts":2,"retryReasons":[],"startAt":1777063216325,"status":"passed","title":"should handle database errors"},{"ancestorTitles":["Post Controller","getPostById"],"duration":2,"failing":false,"failureDetails":[],"failureMessages":[],"fullName":"Post Controller getPostById should return post by id successfully","invocations":1,"location":null,"numPassingAsserts":3,"retryReasons":[],"startAt":1777063216326,"status":"passed","title":"should return post by id successfully"},{"ancestorTitles":["Post Controller","getPostById"],"duration":1,"failing":false,"failureDetails":[],"failureMessages":[],"fullName":"Post Controller getPostById should return 404 if post not found","invocations":1,"location":null,"numPassingAsserts":2,"retryReasons":[],"startAt":1777063216329,"status":"passed","title":"should return 404 if post not found"},{"ancestorTitles":["Post Controller","getPostById"],"duration":1,"failing":false,"failureDetails":[],"failureMessages":[],"fullName":"Post Controller getPostById should handle database errors","invocations":1,"location":null,"numPassingAsserts":2,"retryReasons":[],"startAt":1777063216331,"status":"passed","title":"should handle database errors"},{"ancestorTitles":["Post Controller","createPost"],"duration":1,"failing":false,"failureDetails":[],"failureMessages":[],"fullName":"Post Controller createPost should create a post successfully","invocations":1,"location":null,"numPassingAsserts":3,"retryReasons":[],"startAt":1777063216333,"status":"passed","title":"should create a post successfully"},{"ancestorTitles":["Post Controller","createPost"],"duration":1,"failing":false,"failureDetails":[],"failureMessages":[],"fullName":"Post Controller createPost should return 400 if required fields are missing","invocations":1,"location":null,"numPassingAsserts":2,"retryReasons":[],"startAt":1777063216334,"status":"passed","title":"should return 400 if required fields are missing"},{"ancestorTitles":["Post Controller","createPost"],"duration":0,"failing":false,"failureDetails":[],"failureMessages":[],"fullName":"Post Controller createPost should return 404 if user not found","invocations":1,"location":null,"numPassingAsserts":2,"retryReasons":[],"startAt":1777063216336,"status":"passed","title":"should return 404 if user not found"},{"ancestorTitles":["Post Controller","createPost"],"duration":1,"failing":false,"failureDetails":[],"failureMessages":[],"fullName":"Post Controller createPost should return 400 if userId is invalid","invocations":1,"location":null,"numPassingAsserts":2,"retryReasons":[],"startAt":1777063216337,"status":"passed","title":"should return 400 if userId is invalid"},{"ancestorTitles":["Post Controller","createPost"],"duration":1,"failing":false,"failureDetails":[],"failureMessages":[],"fullName":"Post Controller createPost should handle validation errors","invocations":1,"location":null,"numPassingAsserts":2,"retryReasons":[],"startAt":1777063216338,"status":"passed","title":"should handle validation errors"},{"ancestorTitles":["Post Controller","createPost"],"duration":2,"failing":false,"failureDetails":[],"failureMessages":[],"fullName":"Post Controller createPost should handle database errors","invocations":1,"location":null,"numPassingAsserts":2,"retryReasons":[],"startAt":1777063216339,"status":"passed","title":"should handle database errors"},{"ancestorTitles":["Post Controller","updatePost"],"duration":1,"failing":false,"failureDetails":[],"failureMessages":[],"fullName":"Post Controller updatePost should update post successfully","invocations":1,"location":null,"numPassingAsserts":3,"retryReasons":[],"startAt":1777063216341,"status":"passed","title":"should update post successfully"},{"ancestorTitles":["Post Controller","updatePost"],"duration":1,"failing":false,"failureDetails":[],"failureMessages":[],"fullName":"Post Controller updatePost should return 404 if post not found","invocations":1,"location":null,"numPassingAsserts":2,"retryReasons":[],"startAt":1777063216343,"status":"passed","title":"should return 404 if post not found"},{"ancestorTitles":["Post Controller","updatePost"],"duration":1,"failing":false,"failureDetails":[],"failureMessages":[],"fullName":"Post Controller updatePost should return 400 if no fields provided for update","invocations":1,"location":null,"numPassingAsserts":2,"retryReasons":[],"startAt":1777063216347,"status":"passed","title":"should return 400 if no fields provided for update"},{"ancestorTitles":["Post Controller","updatePost"],"duration":0,"failing":false,"failureDetails":[],"failureMessages":[],"fullName":"Post Controller updatePost should update post with userId successfully","invocations":1,"location":null,"numPassingAsserts":2,"retryReasons":[],"startAt":1777063216349,"status":"passed","title":"should update post with userId successfully"},{"ancestorTitles":["Post Controller","updatePost"],"duration":0,"failing":false,"failureDetails":[],"failureMessages":[],"fullName":"Post Controller updatePost should return 400 if userId is invalid during update","invocations":1,"location":null,"numPassingAsserts":2,"retryReasons":[],"startAt":1777063216350,"status":"passed","title":"should return 400 if userId is invalid during update"},{"ancestorTitles":["Post Controller","updatePost"],"duration":0,"failing":false,"failureDetails":[],"failureMessages":[],"fullName":"Post Controller updatePost should return 404 if user not found during update","invocations":1,"location":null,"numPassingAsserts":2,"retryReasons":[],"startAt":1777063216351,"status":"passed","title":"should return 404 if user not found during update"},{"ancestorTitles":["Post Controller","updatePost"],"duration":1,"failing":false,"failureDetails":[],"failureMessages":[],"fullName":"Post Controller updatePost should handle validation errors during update","invocations":1,"location":null,"numPassingAsserts":2,"retryReasons":[],"startAt":1777063216352,"status":"passed","title":"should handle validation errors during update"},{"ancestorTitles":["Post Controller","updatePost"],"duration":1,"failing":false,"failureDetails":[],"failureMessages":[],"fullName":"Post Controller updatePost should handle database errors during update","invocations":1,"location":null,"numPassingAsserts":2,"retryReasons":[],"startAt":1777063216353,"status":"passed","title":"should handle database errors during update"},{"ancestorTitles":["Post Controller","deletePost"],"duration":1,"failing":false,"failureDetails":[],"failureMessages":[],"fullName":"Post Controller deletePost should delete post successfully without image","invocations":1,"location":null,"numPassingAsserts":3,"retryReasons":[],"startAt":1777063216355,"status":"passed","title":"should delete post successfully without image"},{"ancestorTitles":["Post Controller","deletePost"],"duration":0,"failing":false,"failureDetails":[],"failureMessages":[],"fullName":"Post Controller deletePost should delete post and remove image file when it exists on disk","invocations":1,"location":null,"numPassingAsserts":4,"retryReasons":[],"startAt":1777063216357,"status":"passed","title":"should delete post and remove image file when it exists on disk"},{"ancestorTitles":["Post Controller","deletePost"],"duration":1,"failing":false,"failureDetails":[],"failureMessages":[],"fullName":"Post Controller deletePost should return 404 if post not found","invocations":1,"location":null,"numPassingAsserts":2,"retryReasons":[],"startAt":1777063216358,"status":"passed","title":"should return 404 if post not found"},{"ancestorTitles":["Post Controller","deletePost"],"duration":1,"failing":false,"failureDetails":[],"failureMessages":[],"fullName":"Post Controller deletePost should handle database errors","invocations":1,"location":null,"numPassingAsserts":2,"retryReasons":[],"startAt":1777063216360,"status":"passed","title":"should handle database errors"},{"ancestorTitles":["Post Controller","toggleLike"],"duration":1,"failing":false,"failureDetails":[],"failureMessages":[],"fullName":"Post Controller toggleLike should add a like successfully when post has no likes","invocations":1,"location":null,"numPassingAsserts":4,"retryReasons":[],"startAt":1777063216361,"status":"passed","title":"should add a like successfully when post has no likes"},{"ancestorTitles":["Post Controller","toggleLike"],"duration":1,"failing":false,"failureDetails":[],"failureMessages":[],"fullName":"Post Controller toggleLike should remove a like when user already liked the post","invocations":1,"location":null,"numPassingAsserts":3,"retryReasons":[],"startAt":1777063216363,"status":"passed","title":"should remove a like when user already liked the post"},{"ancestorTitles":["Post Controller","toggleLike"],"duration":1,"failing":false,"failureDetails":[],"failureMessages":[],"fullName":"Post Controller toggleLike should return 400 if userId is invalid","invocations":1,"location":null,"numPassingAsserts":2,"retryReasons":[],"startAt":1777063216364,"status":"passed","title":"should return 400 if userId is invalid"},{"ancestorTitles":["Post Controller","toggleLike"],"duration":0,"failing":false,"failureDetails":[],"failureMessages":[],"fullName":"Post Controller toggleLike should return 400 if userId is missing","invocations":1,"location":null,"numPassingAsserts":2,"retryReasons":[],"startAt":1777063216366,"status":"passed","title":"should return 400 if userId is missing"},{"ancestorTitles":["Post Controller","toggleLike"],"duration":0,"failing":false,"failureDetails":[],"failureMessages":[],"fullName":"Post Controller toggleLike should return 404 if post not found","invocations":1,"location":null,"numPassingAsserts":2,"retryReasons":[],"startAt":1777063216367,"status":"passed","title":"should return 404 if post not found"},{"ancestorTitles":["Post Controller","toggleLike"],"duration":0,"failing":false,"failureDetails":[],"failureMessages":[],"fullName":"Post Controller toggleLike should handle database errors","invocations":1,"location":null,"numPassingAsserts":2,"retryReasons":[],"startAt":1777063216368,"status":"passed","title":"should handle database errors"}],"endTime":1777063216371,"message":"","name":"C:\\Users\\hoday\\Desktop\\colman-web-final-project\\backend\\src\\controllers\\__tests__\\post.controller.test.ts","startTime":1777063215549,"status":"passed","summary":""}],"wasInterrupted":false}
